0 info it worked if it ends with ok
1 verbose cli [ 'C:\\Program Files\\nodejs\\node.exe',
1 verbose cli   'C:\\Program Files\\nodejs\\node_modules\\npm\\bin\\npm-cli.js',
1 verbose cli   'i',
1 verbose cli   'node',
1 verbose cli   '-g' ]
2 info using npm@3.10.10
3 info using node@v6.9.5
4 silly loadCurrentTree Starting
5 silly install loadCurrentTree
6 silly install readGlobalPackageData
7 silly fetchPackageMetaData node
8 silly fetchNamedPackageData node
9 silly mapToRegistry name node
10 silly mapToRegistry using default registry
11 silly mapToRegistry registry https://registry.npm.taobao.org/
12 silly mapToRegistry data Result {
12 silly mapToRegistry   raw: 'node',
12 silly mapToRegistry   scope: null,
12 silly mapToRegistry   escapedName: 'node',
12 silly mapToRegistry   name: 'node',
12 silly mapToRegistry   rawSpec: '',
12 silly mapToRegistry   spec: 'latest',
12 silly mapToRegistry   type: 'tag' }
13 silly mapToRegistry uri https://registry.npm.taobao.org/node
14 verbose request uri https://registry.npm.taobao.org/node
15 verbose request no auth needed
16 info attempt registry request try #1 at 20:01:41
17 verbose request id 1f9ad36fcc13fec7
18 http request GET https://registry.npm.taobao.org/node
19 http 200 https://registry.npm.taobao.org/node
20 verbose headers { date: 'Sun, 30 Jul 2017 12:03:04 GMT',
20 verbose headers   'content-type': 'application/json; charset=utf-8',
20 verbose headers   'content-length': '326301',
20 verbose headers   connection: 'keep-alive',
20 verbose headers   'x-current-requests': '1',
20 verbose headers   etag: '"4fa9d-CvvO6p0JnpzJ0v0WiyM7lQk/flU"',
20 verbose headers   'x-readtime': '103' }
21 silly get cb [ 200,
21 silly get   { date: 'Sun, 30 Jul 2017 12:03:04 GMT',
21 silly get     'content-type': 'application/json; charset=utf-8',
21 silly get     'content-length': '326301',
21 silly get     connection: 'keep-alive',
21 silly get     'x-current-requests': '1',
21 silly get     etag: '"4fa9d-CvvO6p0JnpzJ0v0WiyM7lQk/flU"',
21 silly get     'x-readtime': '103' } ]
22 verbose get saving node to C:\Users\zq41037\AppData\Roaming\npm-cache\registry.npm.taobao.org\node\.cache.json
23 verbose correctMkdir C:\Users\zq41037\AppData\Roaming\npm-cache correctMkdir not in flight; initializing
24 silly install normalizeTree
25 silly loadCurrentTree Finishing
26 silly loadIdealTree Starting
27 silly install loadIdealTree
28 silly cloneCurrentTree Starting
29 silly install cloneCurrentTreeToIdealTree
30 silly cloneCurrentTree Finishing
31 silly loadShrinkwrap Starting
32 silly install loadShrinkwrap
33 silly loadShrinkwrap Finishing
34 silly loadAllDepsIntoIdealTree Starting
35 silly install loadAllDepsIntoIdealTree
36 silly resolveWithNewModule node@8.2.1 checking installable status
37 silly cache add args [ 'node', null ]
38 verbose cache add spec node
39 silly cache add parsed spec Result {
39 silly cache add   raw: 'node',
39 silly cache add   scope: null,
39 silly cache add   escapedName: 'node',
39 silly cache add   name: 'node',
39 silly cache add   rawSpec: '',
39 silly cache add   spec: 'latest',
39 silly cache add   type: 'tag' }
40 silly addNamed node@latest
41 verbose addNamed "latest" is being treated as a dist-tag for node
42 info addNameTag [ 'node', 'latest' ]
43 silly mapToRegistry name node
44 silly mapToRegistry using default registry
45 silly mapToRegistry registry https://registry.npm.taobao.org/
46 silly mapToRegistry data Result {
46 silly mapToRegistry   raw: 'node',
46 silly mapToRegistry   scope: null,
46 silly mapToRegistry   escapedName: 'node',
46 silly mapToRegistry   name: 'node',
46 silly mapToRegistry   rawSpec: '',
46 silly mapToRegistry   spec: 'latest',
46 silly mapToRegistry   type: 'tag' }
47 silly mapToRegistry uri https://registry.npm.taobao.org/node
48 verbose addNameTag registry:https://registry.npm.taobao.org/node not in flight; fetching
49 verbose get https://registry.npm.taobao.org/node not expired, no request
50 silly addNameTag next cb for node with tag latest
51 silly addNamed node@8.2.1
52 verbose addNamed "8.2.1" is a plain semver version for node
53 silly mapToRegistry name node
54 silly mapToRegistry using default registry
55 silly mapToRegistry registry https://registry.npm.taobao.org/
56 silly mapToRegistry data Result {
56 silly mapToRegistry   raw: 'node',
56 silly mapToRegistry   scope: null,
56 silly mapToRegistry   escapedName: 'node',
56 silly mapToRegistry   name: 'node',
56 silly mapToRegistry   rawSpec: '',
56 silly mapToRegistry   spec: 'latest',
56 silly mapToRegistry   type: 'tag' }
57 silly mapToRegistry uri https://registry.npm.taobao.org/node
58 verbose addRemoteTarball https://registry.npm.taobao.org/node/download/node-8.2.1.tgz not in flight; adding
59 verbose addRemoteTarball [ 'https://registry.npm.taobao.org/node/download/node-8.2.1.tgz',
59 verbose addRemoteTarball   '860b3f57ef778177320f9b5da8171b6249fe4998' ]
60 info retry fetch attempt 1 at 20:01:42
61 info attempt registry request try #1 at 20:01:42
62 http fetch GET https://registry.npm.taobao.org/node/download/node-8.2.1.tgz
63 http fetch 200 https://registry.npm.taobao.org/node/download/node-8.2.1.tgz
64 silly fetchAndShaCheck shasum 860b3f57ef778177320f9b5da8171b6249fe4998
65 verbose addTmpTarball C:\Users\zq41037\AppData\Local\Temp\npm-21828-8e53cc33\registry.npm.taobao.org\node\download\node-8.2.1.tgz not in flight; adding
66 verbose addTmpTarball already have metadata; skipping unpack for node@8.2.1
67 verbose correctMkdir C:\Users\zq41037\AppData\Roaming\npm-cache correctMkdir not in flight; initializing
68 silly cache afterAdd node@8.2.1
69 verbose afterAdd C:\Users\zq41037\AppData\Roaming\npm-cache\node\8.2.1\package\package.json not in flight; writing
70 verbose correctMkdir C:\Users\zq41037\AppData\Roaming\npm-cache correctMkdir not in flight; initializing
71 verbose afterAdd C:\Users\zq41037\AppData\Roaming\npm-cache\node\8.2.1\package\package.json written
72 silly fetchNamedPackageData node-bin-setup
73 silly mapToRegistry name node-bin-setup
74 silly mapToRegistry using default registry
75 silly mapToRegistry registry https://registry.npm.taobao.org/
76 silly mapToRegistry data Result {
76 silly mapToRegistry   raw: 'node-bin-setup',
76 silly mapToRegistry   scope: null,
76 silly mapToRegistry   escapedName: 'node-bin-setup',
76 silly mapToRegistry   name: 'node-bin-setup',
76 silly mapToRegistry   rawSpec: '',
76 silly mapToRegistry   spec: 'latest',
76 silly mapToRegistry   type: 'tag' }
77 silly mapToRegistry uri https://registry.npm.taobao.org/node-bin-setup
78 verbose request uri https://registry.npm.taobao.org/node-bin-setup
79 verbose request no auth needed
80 info attempt registry request try #1 at 20:01:42
81 http request GET https://registry.npm.taobao.org/node-bin-setup
82 http 200 https://registry.npm.taobao.org/node-bin-setup
83 verbose headers { date: 'Sun, 30 Jul 2017 12:03:04 GMT',
83 verbose headers   'content-type': 'application/json; charset=utf-8',
83 verbose headers   'content-length': '5494',
83 verbose headers   connection: 'keep-alive',
83 verbose headers   'x-current-requests': '1',
83 verbose headers   etag: '"1576-oj2V0FAgngZcKMSow4L3TquWMAU"',
83 verbose headers   'x-readtime': '15' }
84 silly get cb [ 200,
84 silly get   { date: 'Sun, 30 Jul 2017 12:03:04 GMT',
84 silly get     'content-type': 'application/json; charset=utf-8',
84 silly get     'content-length': '5494',
84 silly get     connection: 'keep-alive',
84 silly get     'x-current-requests': '1',
84 silly get     etag: '"1576-oj2V0FAgngZcKMSow4L3TquWMAU"',
84 silly get     'x-readtime': '15' } ]
85 verbose get saving node-bin-setup to C:\Users\zq41037\AppData\Roaming\npm-cache\registry.npm.taobao.org\node-bin-setup\.cache.json
86 verbose correctMkdir C:\Users\zq41037\AppData\Roaming\npm-cache correctMkdir not in flight; initializing
87 silly resolveWithNewModule node-bin-setup@1.0.6 checking installable status
88 silly cache add args [ 'node-bin-setup@^1.0.0', null ]
89 verbose cache add spec node-bin-setup@^1.0.0
90 silly cache add parsed spec Result {
90 silly cache add   raw: 'node-bin-setup@^1.0.0',
90 silly cache add   scope: null,
90 silly cache add   escapedName: 'node-bin-setup',
90 silly cache add   name: 'node-bin-setup',
90 silly cache add   rawSpec: '^1.0.0',
90 silly cache add   spec: '>=1.0.0 <2.0.0',
90 silly cache add   type: 'range' }
91 silly addNamed node-bin-setup@>=1.0.0 <2.0.0
92 verbose addNamed ">=1.0.0 <2.0.0" is a valid semver range for node-bin-setup
93 silly addNameRange { name: 'node-bin-setup',
93 silly addNameRange   range: '>=1.0.0 <2.0.0',
93 silly addNameRange   hasData: false }
94 silly mapToRegistry name node-bin-setup
95 silly mapToRegistry using default registry
96 silly mapToRegistry registry https://registry.npm.taobao.org/
97 silly mapToRegistry data Result {
97 silly mapToRegistry   raw: 'node-bin-setup',
97 silly mapToRegistry   scope: null,
97 silly mapToRegistry   escapedName: 'node-bin-setup',
97 silly mapToRegistry   name: 'node-bin-setup',
97 silly mapToRegistry   rawSpec: '',
97 silly mapToRegistry   spec: 'latest',
97 silly mapToRegistry   type: 'tag' }
98 silly mapToRegistry uri https://registry.npm.taobao.org/node-bin-setup
99 verbose addNameRange registry:https://registry.npm.taobao.org/node-bin-setup not in flight; fetching
100 verbose get https://registry.npm.taobao.org/node-bin-setup not expired, no request
101 silly addNameRange number 2 { name: 'node-bin-setup',
101 silly addNameRange   range: '>=1.0.0 <2.0.0',
101 silly addNameRange   hasData: true }
102 silly addNameRange versions [ 'node-bin-setup',
102 silly addNameRange   [ '1.0.6', '1.0.4', '1.0.3', '1.0.2', '1.0.1', '1.0.0' ] ]
103 silly addNamed node-bin-setup@1.0.6
104 verbose addNamed "1.0.6" is a plain semver version for node-bin-setup
105 silly mapToRegistry name node-bin-setup
106 silly mapToRegistry using default registry
107 silly mapToRegistry registry https://registry.npm.taobao.org/
108 silly mapToRegistry data Result {
108 silly mapToRegistry   raw: 'node-bin-setup',
108 silly mapToRegistry   scope: null,
108 silly mapToRegistry   escapedName: 'node-bin-setup',
108 silly mapToRegistry   name: 'node-bin-setup',
108 silly mapToRegistry   rawSpec: '',
108 silly mapToRegistry   spec: 'latest',
108 silly mapToRegistry   type: 'tag' }
109 silly mapToRegistry uri https://registry.npm.taobao.org/node-bin-setup
110 verbose addRemoteTarball https://registry.npm.taobao.org/node-bin-setup/download/node-bin-setup-1.0.6.tgz not in flight; adding
111 verbose addRemoteTarball [ 'https://registry.npm.taobao.org/node-bin-setup/download/node-bin-setup-1.0.6.tgz',
111 verbose addRemoteTarball   '4b5c9bb937ece702d7069b36ca78af4684677528' ]
112 info retry fetch attempt 1 at 20:01:42
113 info attempt registry request try #1 at 20:01:42
114 http fetch GET https://registry.npm.taobao.org/node-bin-setup/download/node-bin-setup-1.0.6.tgz
115 http fetch 200 https://registry.npm.taobao.org/node-bin-setup/download/node-bin-setup-1.0.6.tgz
116 silly fetchAndShaCheck shasum 4b5c9bb937ece702d7069b36ca78af4684677528
117 verbose addTmpTarball C:\Users\zq41037\AppData\Local\Temp\npm-21828-8e53cc33\registry.npm.taobao.org\node-bin-setup\download\node-bin-setup-1.0.6.tgz not in flight; adding
118 verbose addTmpTarball already have metadata; skipping unpack for node-bin-setup@1.0.6
119 verbose correctMkdir C:\Users\zq41037\AppData\Roaming\npm-cache correctMkdir not in flight; initializing
120 silly cache afterAdd node-bin-setup@1.0.6
121 verbose afterAdd C:\Users\zq41037\AppData\Roaming\npm-cache\node-bin-setup\1.0.6\package\package.json not in flight; writing
122 verbose correctMkdir C:\Users\zq41037\AppData\Roaming\npm-cache correctMkdir not in flight; initializing
123 verbose afterAdd C:\Users\zq41037\AppData\Roaming\npm-cache\node-bin-setup\1.0.6\package\package.json written
124 silly loadAllDepsIntoIdealTree Finishing
125 silly loadIdealTree Finishing
126 silly currentTree npm
127 silly idealTree npm
127 silly idealTree `-- node@8.2.1
127 silly idealTree   `-- node-bin-setup@1.0.6
128 silly generateActionsToTake Starting
129 silly install generateActionsToTake
130 silly generateActionsToTake Finishing
131 silly diffTrees action count 2
132 silly diffTrees add node-bin-setup@1.0.6
133 silly diffTrees add node@8.2.1
134 silly decomposeActions action count 16
135 silly decomposeActions fetch node-bin-setup@1.0.6
136 silly decomposeActions extract node-bin-setup@1.0.6
137 silly decomposeActions test node-bin-setup@1.0.6
138 silly decomposeActions preinstall node-bin-setup@1.0.6
139 silly decomposeActions build node-bin-setup@1.0.6
140 silly decomposeActions install node-bin-setup@1.0.6
141 silly decomposeActions postinstall node-bin-setup@1.0.6
142 silly decomposeActions finalize node-bin-setup@1.0.6
143 silly decomposeActions fetch node@8.2.1
144 silly decomposeActions extract node@8.2.1
145 silly decomposeActions test node@8.2.1
146 silly decomposeActions preinstall node@8.2.1
147 silly decomposeActions build node@8.2.1
148 silly decomposeActions install node@8.2.1
149 silly decomposeActions postinstall node@8.2.1
150 silly decomposeActions finalize node@8.2.1
151 silly runTopLevelLifecycles Starting
152 silly executeActions Starting
153 silly install executeActions
154 silly doSerial global-install 0
155 silly doParallel fetch 2
156 verbose correctMkdir C:\Users\zq41037\AppData\Roaming\npm-cache\_locks correctMkdir not in flight; initializing
157 verbose lock using C:\Users\zq41037\AppData\Roaming\npm-cache\_locks\staging-1c01e9db340a93f3.lock for C:\Users\zq41037\AppData\Roaming\npm\node_modules\.staging
158 silly doParallel extract 2
159 silly extract node-bin-setup@1.0.6
160 silly extract node@8.2.1
161 verbose unbuild node_modules\.staging\node-bin-setup-77cdd989
162 verbose unbuild node_modules\.staging\node-fd009ab0
163 silly gentlyRm C:\Users\zq41037\AppData\Roaming\npm\node_modules\.staging\node-bin-setup-77cdd989 is being purged from base C:\Users\zq41037\AppData\Roaming\npm
164 verbose gentlyRm don't care about contents; nuking C:\Users\zq41037\AppData\Roaming\npm\node_modules\.staging\node-bin-setup-77cdd989
165 verbose tar unpack C:\Users\zq41037\AppData\Roaming\npm-cache\node-bin-setup\1.0.6\package.tgz
166 verbose tar unpacking to C:\Users\zq41037\AppData\Roaming\npm\node_modules\.staging\node-bin-setup-77cdd989
167 silly gentlyRm C:\Users\zq41037\AppData\Roaming\npm\node_modules\.staging\node-bin-setup-77cdd989 is being purged
168 verbose gentlyRm don't care about contents; nuking C:\Users\zq41037\AppData\Roaming\npm\node_modules\.staging\node-bin-setup-77cdd989
169 silly gentlyRm C:\Users\zq41037\AppData\Roaming\npm\node_modules\.staging\node-fd009ab0 is being purged from base C:\Users\zq41037\AppData\Roaming\npm
170 verbose gentlyRm don't care about contents; nuking C:\Users\zq41037\AppData\Roaming\npm\node_modules\.staging\node-fd009ab0
171 silly gunzTarPerm modes [ '777', '666' ]
172 verbose tar unpack C:\Users\zq41037\AppData\Roaming\npm-cache\node\8.2.1\package.tgz
173 verbose tar unpacking to C:\Users\zq41037\AppData\Roaming\npm\node_modules\.staging\node-fd009ab0
174 silly gentlyRm C:\Users\zq41037\AppData\Roaming\npm\node_modules\.staging\node-fd009ab0 is being purged
175 verbose gentlyRm don't care about contents; nuking C:\Users\zq41037\AppData\Roaming\npm\node_modules\.staging\node-fd009ab0
176 silly gunzTarPerm modes [ '777', '666' ]
177 silly gunzTarPerm extractEntry package.json
178 silly gunzTarPerm modified mode [ 'package.json', 420, 438 ]
179 silly gunzTarPerm extractEntry package.json
180 silly gunzTarPerm modified mode [ 'package.json', 420, 438 ]
181 silly gunzTarPerm extractEntry README.md
182 silly gunzTarPerm modified mode [ 'README.md', 420, 438 ]
183 silly gunzTarPerm extractEntry installArchSpecificPackage.js
184 silly gunzTarPerm modified mode [ 'installArchSpecificPackage.js', 420, 438 ]
185 silly gunzTarPerm extractEntry index.js
186 silly gunzTarPerm modified mode [ 'index.js', 420, 438 ]
187 silly gentlyRm C:\Users\zq41037\AppData\Roaming\npm\node_modules\.staging\node-bin-setup-77cdd989\node_modules is being purged
188 verbose gentlyRm don't care about contents; nuking C:\Users\zq41037\AppData\Roaming\npm\node_modules\.staging\node-bin-setup-77cdd989\node_modules
189 silly gentlyRm C:\Users\zq41037\AppData\Roaming\npm\node_modules\.staging\node-fd009ab0\node_modules is being purged
190 verbose gentlyRm don't care about contents; nuking C:\Users\zq41037\AppData\Roaming\npm\node_modules\.staging\node-fd009ab0\node_modules
191 silly doParallel preinstall 2
192 silly preinstall node-bin-setup@1.0.6 C:\Users\zq41037\AppData\Roaming\npm\node_modules\.staging\node-bin-setup-77cdd989
193 info lifecycle node-bin-setup@1.0.6~preinstall: node-bin-setup@1.0.6
194 silly preinstall node@8.2.1 C:\Users\zq41037\AppData\Roaming\npm\node_modules\.staging\node-fd009ab0
195 info lifecycle node@8.2.1~preinstall: node@8.2.1
196 silly lifecycle node-bin-setup@1.0.6~preinstall: no script for preinstall, continuing
197 verbose lifecycle node@8.2.1~preinstall: unsafe-perm in lifecycle true
198 verbose lifecycle node@8.2.1~preinstall: PATH: C:\Program Files\nodejs\node_modules\npm\bin\node-gyp-bin;C:\Users\zq41037\AppData\Roaming\npm\node_modules\.staging\node-fd009ab0\node_modules\.bin;C:\Users\zq41037\AppData\Roaming\npm\node_modules\.bin;C:\ProgramData\Oracle\Java\javapath;C:\Windows\system32;C:\Windows;C:\Windows\System32\Wbem;C:\Windows\System32\WindowsPowerShell\v1.0\;C:\Program Files\nodejs\;C:\Program Files (x86)\Calibre2\;C:\Users\zq41037\AppData\Local\Programs\Python\Python35\Scripts\;C:\Users\zq41037\AppData\Local\Programs\Python\Python35\;E:\软件\Microsoft VS Code\bin;C:\Users\zq41037\AppData\Roaming\npm;C:\Users\zq41037\AppData\Local\GitHub\PortableGit_f02737a78695063deace08e96d5042710d3e32db\cmd;C:\bin\mongod.exe;C:\Users\zq41037\AppData\Local\GitHub\PortableGit_f02737a78695063deace08e96d5042710d3e32db\cmd\git.exe
199 verbose lifecycle node@8.2.1~preinstall: CWD: C:\Users\zq41037\AppData\Roaming\npm\node_modules\.staging\node-fd009ab0
200 silly lifecycle node@8.2.1~preinstall: Args: [ '/d /s /c', 'node installArchSpecificPackage' ]
201 silly lifecycle node@8.2.1~preinstall: Returned: code: 1  signal: null
202 info lifecycle node@8.2.1~preinstall: Failed to exec preinstall script
203 verbose unlock done using C:\Users\zq41037\AppData\Roaming\npm-cache\_locks\staging-1c01e9db340a93f3.lock for C:\Users\zq41037\AppData\Roaming\npm\node_modules\.staging
204 silly rollbackFailedOptional Starting
205 silly rollbackFailedOptional Finishing
206 silly runTopLevelLifecycles Finishing
207 silly install printInstalled
208 verbose stack Error: node@8.2.1 preinstall: `node installArchSpecificPackage`
208 verbose stack Exit status 1
208 verbose stack     at EventEmitter.<anonymous> (C:\Program Files\nodejs\node_modules\npm\lib\utils\lifecycle.js:255:16)
208 verbose stack     at emitTwo (events.js:106:13)
208 verbose stack     at EventEmitter.emit (events.js:191:7)
208 verbose stack     at ChildProcess.<anonymous> (C:\Program Files\nodejs\node_modules\npm\lib\utils\spawn.js:40:14)
208 verbose stack     at emitTwo (events.js:106:13)
208 verbose stack     at ChildProcess.emit (events.js:191:7)
208 verbose stack     at maybeClose (internal/child_process.js:877:16)
208 verbose stack     at Process.ChildProcess._handle.onexit (internal/child_process.js:226:5)
209 verbose pkgid node@8.2.1
210 verbose cwd C:\Users\zq41037\Desktop\doubanSpider-master
211 error Windows_NT 6.2.9200
212 error argv "C:\\Program Files\\nodejs\\node.exe" "C:\\Program Files\\nodejs\\node_modules\\npm\\bin\\npm-cli.js" "i" "node" "-g"
213 error node v6.9.5
214 error npm  v3.10.10
215 error code ELIFECYCLE
216 error node@8.2.1 preinstall: `node installArchSpecificPackage`
216 error Exit status 1
217 error Failed at the node@8.2.1 preinstall script 'node installArchSpecificPackage'.
217 error Make sure you have the latest version of node.js and npm installed.
217 error If you do, this is most likely a problem with the node package,
217 error not with npm itself.
217 error Tell the author that this fails on your system:
217 error     node installArchSpecificPackage
217 error You can get information on how to open an issue for this project with:
217 error     npm bugs node
217 error Or if that isn't available, you can get their info via:
217 error     npm owner ls node
217 error There is likely additional logging output above.
218 verbose exit [ 1, true ]
